<?xml version="1.0" encoding="UTF-8"?>
<testsuite name="CalculatorTest" tests="1" skipped="0" failures="0" errors="0" timestamp="2021-06-28T09:57:40" hostname="TECH-DEV18" time="0.017">
  <properties/>
  <testcase name="TestAddition()" classname="CalculatorTest" time="0.017"/>
  <system-out><![CDATA[16
-8
48
0
]]></system-out>
  <system-err><![CDATA[]]></system-err>
</testsuite>
